<?xml version="1.0" encoding="UTF-8"?>
<testsuite xmlns:xsi="http://www.w3.org/2001/XMLSchema-instance" xsi:schemaLocation="https://maven.apache.org/surefire/maven-surefire-plugin/xsd/surefire-test-report.xsd" name="hu.unideb.inf.viewtest.FXMLCarsSceneController1Test" time="0.478" tests="31" errors="0" skipped="0" failures="0">
  <properties>
[...]
</properties>
  <testcase name="testIsOnlyDig{String, boolean}[1]" classname="hu.unideb.inf.viewtest.FXMLCarsSceneController1Test" time="0.059"/>
  <testcase name="testIsOnlyDig{String, boolean}[2]" classname="hu.unideb.inf.viewtest.FXMLCarsSceneController1Test" time="0.008"/>
  <testcase name="testIsOnlyDig{String, boolean}[3]" classname="hu.unideb.inf.viewtest.FXMLCarsSceneController1Test" time="0.002"/>
  <testcase name="testIsOnlyDig{String, boolean}[4]" classname="hu.unideb.inf.viewtest.FXMLCarsSceneController1Test" time="0.009"/>
  <testcase name="testIsDig{String, boolean}[1]" classname="hu.unideb.inf.viewtest.FXMLCarsSceneController1Test" time="0.004"/>
  <testcase name="testIsDig{String, boolean}[2]" classname="hu.unideb.inf.viewtest.FXMLCarsSceneController1Test" time="0.003"/>
  <testcase name="testIsDig{String, boolean}[3]" classname="hu.unideb.inf.viewtest.FXMLCarsSceneController1Test" time="0.007"/>
  <testcase name="testIsDig{String, boolean}[4]" classname="hu.unideb.inf.viewtest.FXMLCarsSceneController1Test" time="0.007"/>
  <testcase name="testIsDig{String, boolean}[5]" classname="hu.unideb.inf.viewtest.FXMLCarsSceneController1Test" time="0.003"/>
  <testcase name="testIsLet{String, boolean}[1]" classname="hu.unideb.inf.viewtest.FXMLCarsSceneController1Test" time="0.002"/>
  <testcase name="testIsLet{String, boolean}[2]" classname="hu.unideb.inf.viewtest.FXMLCarsSceneController1Test" time="0.001"/>
  <testcase name="testIsLet{String, boolean}[3]" classname="hu.unideb.inf.viewtest.FXMLCarsSceneController1Test" time="0.004"/>
  <testcase name="testIsLet{String, boolean}[4]" classname="hu.unideb.inf.viewtest.FXMLCarsSceneController1Test" time="0.002"/>
  <testcase name="testBadDateFormatum{String, boolean}[1]" classname="hu.unideb.inf.viewtest.FXMLCarsSceneController1Test" time="0.001"/>
  <testcase name="testBadDateFormatum{String, boolean}[2]" classname="hu.unideb.inf.viewtest.FXMLCarsSceneController1Test" time="0.002"/>
  <testcase name="testBadDateFormatum{String, boolean}[3]" classname="hu.unideb.inf.viewtest.FXMLCarsSceneController1Test" time="0.003"/>
  <testcase name="testBadDateFormatum{String, boolean}[4]" classname="hu.unideb.inf.viewtest.FXMLCarsSceneController1Test" time="0.001"/>
  <testcase name="testIsHandleUploadButtonPushed{String, boolean}[1]" classname="hu.unideb.inf.viewtest.FXMLCarsSceneController1Test" time="0.018"/>
  <testcase name="testIsHandleUploadButtonPushed{String, boolean}[2]" classname="hu.unideb.inf.viewtest.FXMLCarsSceneController1Test" time="0.002"/>
  <testcase name="testIsHandleUploadButtonPushed{String, boolean}[3]" classname="hu.unideb.inf.viewtest.FXMLCarsSceneController1Test" time="0.002"/>
  <testcase name="testIsHandleUploadButtonPushed{String, boolean}[4]" classname="hu.unideb.inf.viewtest.FXMLCarsSceneController1Test" time="0.003"/>
  <testcase name="testIsHandleUploadButtonPushed{String, boolean}[5]" classname="hu.unideb.inf.viewtest.FXMLCarsSceneController1Test" time="0.011"/>
  <testcase name="testSetPriceValue{String}[1]" classname="hu.unideb.inf.viewtest.FXMLCarsSceneController1Test" time="0.002"/>
  <testcase name="testSetPriceValue{String}[2]" classname="hu.unideb.inf.viewtest.FXMLCarsSceneController1Test" time="0.001"/>
  <testcase name="testSetPriceValue{String}[3]" classname="hu.unideb.inf.viewtest.FXMLCarsSceneController1Test" time="0.002"/>
  <testcase name="testSetPriceValue{String}[4]" classname="hu.unideb.inf.viewtest.FXMLCarsSceneController1Test" time="0.001"/>
  <testcase name="testIsSpecialChars{String, boolean}[1]" classname="hu.unideb.inf.viewtest.FXMLCarsSceneController1Test" time="0.003"/>
  <testcase name="testIsSpecialChars{String, boolean}[2]" classname="hu.unideb.inf.viewtest.FXMLCarsSceneController1Test" time="0.003"/>
  <testcase name="testIsSpecialChars{String, boolean}[3]" classname="hu.unideb.inf.viewtest.FXMLCarsSceneController1Test" time="0.004"/>
  <testcase name="testIsSpecialChars{String, boolean}[4]" classname="hu.unideb.inf.viewtest.FXMLCarsSceneController1Test" time="0.003"/>
  <testcase name="testIsSpecialChars{String, boolean}[5]" classname="hu.unideb.inf.viewtest.FXMLCarsSceneController1Test" time="0.006"/>
</testsuite>